[debug] [2025-08-14T13:04:23.655Z] ----------------------------------------------------------------------
[debug] [2025-08-14T13:04:23.657Z] Command:       C:\Program Files\nodejs\node.exe C:\Users\user\AppData\Roaming\npm\node_modules\firebase-tools\lib\bin\firebase.js init
[debug] [2025-08-14T13:04:23.658Z] CLI Version:   14.12.0
[debug] [2025-08-14T13:04:23.658Z] Platform:      win32
[debug] [2025-08-14T13:04:23.658Z] Node Version:  v21.7.3
[debug] [2025-08-14T13:04:23.658Z] Time:          Thu Aug 14 2025 15:04:23 GMT+0200 (Central European Summer Time)
[debug] [2025-08-14T13:04:23.658Z] ----------------------------------------------------------------------
[debug] 
[debug] [2025-08-14T13:04:23.666Z] > command requires scopes: ["email","openid","https://www.googleapis.com/auth/cloudplatformprojects.readonly","https://www.googleapis.com/auth/firebase","https://www.googleapis.com/auth/cloud-platform"]
[debug] [2025-08-14T13:04:23.667Z] > authorizing via signed-in user (p.stoj03@yahoo.com)
[info] 
     ######## #### ########  ######## ########     ###     ######  ########
     ##        ##  ##     ## ##       ##     ##  ##   ##  ##       ##
     ######    ##  ########  ######   ########  #########  ######  ######
     ##        ##  ##    ##  ##       ##     ## ##     ##       ## ##
     ##       #### ##     ## ######## ########  ##     ##  ######  ########

You're about to initialize a Firebase project in this directory:

  C:\Users\user\Desktop\gear-talk-app

[debug] [2025-08-14T13:07:14.098Z] ExitPromptError: User force closed the prompt with SIGINT
    at Interface.sigint (C:\Users\user\AppData\Roaming\npm\node_modules\firebase-tools\node_modules\@inquirer\core\dist\commonjs\lib\create-prompt.js:101:37)
    at Interface.emit (node:events:519:28)
    at Interface.emit (node:domain:488:12)
    at [_ttyWrite] [as _ttyWrite] (node:internal/readline/interface:1125:18)
    at ReadStream.onkeypress (node:internal/readline/interface:264:20)
    at ReadStream.emit (node:events:531:35)
    at ReadStream.emit (node:domain:488:12)
    at emitKeys (node:internal/readline/utils:371:14)
    at emitKeys.next (<anonymous>)
    at ReadStream.onData (node:internal/readline/emitKeypressEvents:64:36)
[error] 
[error] Error: An unexpected error has occurred.
